[info] welcome to sbt 1.8.0 (Oracle Corporation Java 9.0.4)
[info] loading global plugins from /Users/y3536zha/.sbt/1.0/plugins
[info] loading settings for project scala_flexible_type_with_test_script-build-build from build.sbt ...
[info] loading project definition from /Users/y3536zha/Desktop/scala_flexible_unsafe/scala_flexible_type_with_test_script/project/project
[info] loading settings for project scala_flexible_type_with_test_script-build from build.sbt,plugins.sbt ...
[info] loading project definition from /Users/y3536zha/Desktop/scala_flexible_unsafe/scala_flexible_type_with_test_script/project
[info] loading settings for project scala3 from build.sbt ...
[info] resolving key references (31394 settings) ...
[info] set current project to scala3 (in build file:/Users/y3536zha/Desktop/scala_flexible_unsafe/scala_flexible_type_with_test_script/)
SLF4J: No SLF4J providers were found.
SLF4J: Defaulting to no-operation (NOP) logger implementation
SLF4J: See https://www.slf4j.org/codes.html#noProviders for further details.
SLF4J: Class path contains SLF4J bindings targeting slf4j-api versions 1.7.x or earlier.
SLF4J: Ignoring binding found at [jar:file:/Users/y3536zha/.sbt/boot/scala-2.12.17/org.scala-sbt/sbt/1.8.0/log4j-slf4j-impl-2.17.1.jar!/org/slf4j/impl/StaticLoggerBinder.class]
SLF4J: See https://www.slf4j.org/codes.html#ignoredBindings for an explanation.
[info] Wrote /Users/y3536zha/Desktop/scala_flexible_unsafe/scala_flexible_type_with_test_script/interfaces/target/scala3-interfaces-3.3.1-RC1-bin-SNAPSHOT.pom
[info] Wrote /Users/y3536zha/Desktop/scala_flexible_unsafe/scala_flexible_type_with_test_script/library-js/../out/bootstrap/scala3-library-bootstrappedJS/scala-3.3.1-RC1-bin-SNAPSHOT-nonbootstrapped/scala3-library_sjs1_3-3.3.1-RC1-bin-SNAPSHOT.pom
[info] Wrote /Users/y3536zha/Desktop/scala_flexible_unsafe/scala_flexible_type_with_test_script/library/../out/bootstrap/scala3-library-bootstrapped/scala-3.3.1-RC1-bin-SNAPSHOT-nonbootstrapped/scala3-library_3-3.3.1-RC1-bin-SNAPSHOT.pom
[info] Wrote /Users/y3536zha/Desktop/scala_flexible_unsafe/scala_flexible_type_with_test_script/tasty/../out/bootstrap/tasty-core-bootstrapped/scala-3.3.1-RC1-bin-SNAPSHOT-nonbootstrapped/tasty-core_3-3.3.1-RC1-bin-SNAPSHOT.pom
[info] Wrote /Users/y3536zha/Desktop/scala_flexible_unsafe/scala_flexible_type_with_test_script/sbt-community-build/target/scala-2.12/sbt-1.0/sbt-community-build-0.1.0-SNAPSHOT.pom
[info] Wrote /Users/y3536zha/Desktop/scala_flexible_unsafe/scala_flexible_type_with_test_script/tasty-inspector/../out/bootstrap/scala3-tasty-inspector/scala-3.3.1-RC1-bin-SNAPSHOT-nonbootstrapped/scala3-tasty-inspector_3-3.3.1-RC1-bin-SNAPSHOT.pom
[info] Wrote /Users/y3536zha/Desktop/scala_flexible_unsafe/scala_flexible_type_with_test_script/compiler/../out/bootstrap/scala3-compiler-bootstrapped/scala-3.3.1-RC1-bin-SNAPSHOT-nonbootstrapped/scala3-compiler_3-3.3.1-RC1-bin-SNAPSHOT.pom
[info] Wrote /Users/y3536zha/Desktop/scala_flexible_unsafe/scala_flexible_type_with_test_script/sbt-bridge/src/target/scala3-sbt-bridge-3.3.1-RC1-bin-SNAPSHOT.pom
[info] Wrote /Users/y3536zha/Desktop/scala_flexible_unsafe/scala_flexible_type_with_test_script/scaladoc/../out/bootstrap/scaladoc/scala-3.3.1-RC1-bin-SNAPSHOT-nonbootstrapped/scaladoc_3-3.3.1-RC1-bin-SNAPSHOT.pom
[info] :: delivering :: ch.epfl.lamp#sbt-community-build;0.1.0-SNAPSHOT :: 0.1.0-SNAPSHOT :: integration :: Wed Jun 21 19:52:33 EDT 2023
[info] 	delivering ivy file to /Users/y3536zha/Desktop/scala_flexible_unsafe/scala_flexible_type_with_test_script/sbt-community-build/target/scala-2.12/sbt-1.0/ivy-0.1.0-SNAPSHOT.xml
[info] :: delivering :: org.scala-lang#scala3-interfaces;3.3.1-RC1-bin-SNAPSHOT :: 3.3.1-RC1-bin-SNAPSHOT :: integration :: Wed Jun 21 19:52:33 EDT 2023
[info] 	delivering ivy file to /Users/y3536zha/Desktop/scala_flexible_unsafe/scala_flexible_type_with_test_script/interfaces/target/ivy-3.3.1-RC1-bin-SNAPSHOT.xml
[info] 	published sbt-community-build to /Users/y3536zha/.ivy2/local/ch.epfl.lamp/sbt-community-build/scala_2.12/sbt_1.0/0.1.0-SNAPSHOT/poms/sbt-community-build.pom
[info] 	published sbt-community-build to /Users/y3536zha/.ivy2/local/ch.epfl.lamp/sbt-community-build/scala_2.12/sbt_1.0/0.1.0-SNAPSHOT/jars/sbt-community-build.jar
[info] 	published sbt-community-build to /Users/y3536zha/.ivy2/local/ch.epfl.lamp/sbt-community-build/scala_2.12/sbt_1.0/0.1.0-SNAPSHOT/srcs/sbt-community-build-sources.jar
[info] 	published sbt-community-build to /Users/y3536zha/.ivy2/local/ch.epfl.lamp/sbt-community-build/scala_2.12/sbt_1.0/0.1.0-SNAPSHOT/docs/sbt-community-build-javadoc.jar
[info] 	published ivy to /Users/y3536zha/.ivy2/local/ch.epfl.lamp/sbt-community-build/scala_2.12/sbt_1.0/0.1.0-SNAPSHOT/ivys/ivy.xml
[info] 	published scala3-interfaces to /Users/y3536zha/.ivy2/local/org.scala-lang/scala3-interfaces/3.3.1-RC1-bin-SNAPSHOT/poms/scala3-interfaces.pom
[info] 	published scala3-interfaces to /Users/y3536zha/.ivy2/local/org.scala-lang/scala3-interfaces/3.3.1-RC1-bin-SNAPSHOT/jars/scala3-interfaces.jar
[info] 	published scala3-interfaces to /Users/y3536zha/.ivy2/local/org.scala-lang/scala3-interfaces/3.3.1-RC1-bin-SNAPSHOT/srcs/scala3-interfaces-sources.jar
[info] 	published scala3-interfaces to /Users/y3536zha/.ivy2/local/org.scala-lang/scala3-interfaces/3.3.1-RC1-bin-SNAPSHOT/docs/scala3-interfaces-javadoc.jar
[info] 	published ivy to /Users/y3536zha/.ivy2/local/org.scala-lang/scala3-interfaces/3.3.1-RC1-bin-SNAPSHOT/ivys/ivy.xml
[info] :: delivering :: org.scala-lang#scala3-sbt-bridge;3.3.1-RC1-bin-SNAPSHOT :: 3.3.1-RC1-bin-SNAPSHOT :: integration :: Wed Jun 21 19:52:34 EDT 2023
[info] 	delivering ivy file to /Users/y3536zha/Desktop/scala_flexible_unsafe/scala_flexible_type_with_test_script/sbt-bridge/src/target/ivy-3.3.1-RC1-bin-SNAPSHOT.xml
[info] 	published scala3-sbt-bridge to /Users/y3536zha/.ivy2/local/org.scala-lang/scala3-sbt-bridge/3.3.1-RC1-bin-SNAPSHOT/poms/scala3-sbt-bridge.pom
[info] 	published scala3-sbt-bridge to /Users/y3536zha/.ivy2/local/org.scala-lang/scala3-sbt-bridge/3.3.1-RC1-bin-SNAPSHOT/jars/scala3-sbt-bridge.jar
[info] 	published scala3-sbt-bridge to /Users/y3536zha/.ivy2/local/org.scala-lang/scala3-sbt-bridge/3.3.1-RC1-bin-SNAPSHOT/srcs/scala3-sbt-bridge-sources.jar
[info] 	published scala3-sbt-bridge to /Users/y3536zha/.ivy2/local/org.scala-lang/scala3-sbt-bridge/3.3.1-RC1-bin-SNAPSHOT/docs/scala3-sbt-bridge-javadoc.jar
[info] 	published ivy to /Users/y3536zha/.ivy2/local/org.scala-lang/scala3-sbt-bridge/3.3.1-RC1-bin-SNAPSHOT/ivys/ivy.xml
[info] Main Scala API documentation to /Users/y3536zha/Desktop/scala_flexible_unsafe/scala_flexible_type_with_test_script/library-js/../out/bootstrap/scala3-library-bootstrappedJS/scala-3.3.1-RC1-bin-SNAPSHOT-nonbootstrapped/api...
[info] Main Scala API documentation to /Users/y3536zha/Desktop/scala_flexible_unsafe/scala_flexible_type_with_test_script/library/../out/bootstrap/scala3-library-bootstrapped/scala-3.3.1-RC1-bin-SNAPSHOT-nonbootstrapped/api...
[info] :: delivering :: org.scala-lang#tasty-core_3;3.3.1-RC1-bin-SNAPSHOT :: 3.3.1-RC1-bin-SNAPSHOT :: integration :: Wed Jun 21 19:52:38 EDT 2023
[info] 	delivering ivy file to /Users/y3536zha/Desktop/scala_flexible_unsafe/scala_flexible_type_with_test_script/out/bootstrap/tasty-core-bootstrapped/scala-3.3.1-RC1-bin-SNAPSHOT-nonbootstrapped/ivy-3.3.1-RC1-bin-SNAPSHOT.xml
[info] 	published tasty-core_3 to /Users/y3536zha/.ivy2/local/org.scala-lang/tasty-core_3/3.3.1-RC1-bin-SNAPSHOT/poms/tasty-core_3.pom
[info] 	published tasty-core_3 to /Users/y3536zha/.ivy2/local/org.scala-lang/tasty-core_3/3.3.1-RC1-bin-SNAPSHOT/jars/tasty-core_3.jar
[info] 	published tasty-core_3 to /Users/y3536zha/.ivy2/local/org.scala-lang/tasty-core_3/3.3.1-RC1-bin-SNAPSHOT/srcs/tasty-core_3-sources.jar
[info] 	published tasty-core_3 to /Users/y3536zha/.ivy2/local/org.scala-lang/tasty-core_3/3.3.1-RC1-bin-SNAPSHOT/docs/tasty-core_3-javadoc.jar
[info] 	published ivy to /Users/y3536zha/.ivy2/local/org.scala-lang/tasty-core_3/3.3.1-RC1-bin-SNAPSHOT/ivys/ivy.xml
[info] :: delivering :: org.scala-lang#scala3-tasty-inspector_3;3.3.1-RC1-bin-SNAPSHOT :: 3.3.1-RC1-bin-SNAPSHOT :: integration :: Wed Jun 21 19:52:39 EDT 2023
[info] 	delivering ivy file to /Users/y3536zha/Desktop/scala_flexible_unsafe/scala_flexible_type_with_test_script/out/bootstrap/scala3-tasty-inspector/scala-3.3.1-RC1-bin-SNAPSHOT-nonbootstrapped/ivy-3.3.1-RC1-bin-SNAPSHOT.xml
[info] 	published scala3-tasty-inspector_3 to /Users/y3536zha/.ivy2/local/org.scala-lang/scala3-tasty-inspector_3/3.3.1-RC1-bin-SNAPSHOT/poms/scala3-tasty-inspector_3.pom
[info] 	published scala3-tasty-inspector_3 to /Users/y3536zha/.ivy2/local/org.scala-lang/scala3-tasty-inspector_3/3.3.1-RC1-bin-SNAPSHOT/jars/scala3-tasty-inspector_3.jar
[info] 	published scala3-tasty-inspector_3 to /Users/y3536zha/.ivy2/local/org.scala-lang/scala3-tasty-inspector_3/3.3.1-RC1-bin-SNAPSHOT/srcs/scala3-tasty-inspector_3-sources.jar
[info] 	published scala3-tasty-inspector_3 to /Users/y3536zha/.ivy2/local/org.scala-lang/scala3-tasty-inspector_3/3.3.1-RC1-bin-SNAPSHOT/docs/scala3-tasty-inspector_3-javadoc.jar
[info] 	published ivy to /Users/y3536zha/.ivy2/local/org.scala-lang/scala3-tasty-inspector_3/3.3.1-RC1-bin-SNAPSHOT/ivys/ivy.xml
[info] :: delivering :: org.scala-lang#scaladoc_3;3.3.1-RC1-bin-SNAPSHOT :: 3.3.1-RC1-bin-SNAPSHOT :: integration :: Wed Jun 21 19:52:39 EDT 2023
[info] 	delivering ivy file to /Users/y3536zha/Desktop/scala_flexible_unsafe/scala_flexible_type_with_test_script/out/bootstrap/scaladoc/scala-3.3.1-RC1-bin-SNAPSHOT-nonbootstrapped/ivy-3.3.1-RC1-bin-SNAPSHOT.xml
[info] 	published scaladoc_3 to /Users/y3536zha/.ivy2/local/org.scala-lang/scaladoc_3/3.3.1-RC1-bin-SNAPSHOT/poms/scaladoc_3.pom
[info] 	published scaladoc_3 to /Users/y3536zha/.ivy2/local/org.scala-lang/scaladoc_3/3.3.1-RC1-bin-SNAPSHOT/jars/scaladoc_3.jar
[info] 	published scaladoc_3 to /Users/y3536zha/.ivy2/local/org.scala-lang/scaladoc_3/3.3.1-RC1-bin-SNAPSHOT/srcs/scaladoc_3-sources.jar
[info] 	published scaladoc_3 to /Users/y3536zha/.ivy2/local/org.scala-lang/scaladoc_3/3.3.1-RC1-bin-SNAPSHOT/docs/scaladoc_3-javadoc.jar
[info] 	published ivy to /Users/y3536zha/.ivy2/local/org.scala-lang/scaladoc_3/3.3.1-RC1-bin-SNAPSHOT/ivys/ivy.xml
[warn] Setting -skip-by-regex set to .+\.internal($|\..+) redundantly
[warn] bad option '-project-version 3.3.1-RC1-bin-SNAPSHOT' was ignored
[warn] Setting -skip-by-regex set to .+\.impl($|\..+) redundantly
[warn] Setting -skip-by-regex set to .+\.internal($|\..+) redundantly
[warn] Flag -project-logo set repeatedly
[warn] Setting -skip-by-regex set to .+\.impl($|\..+) redundantly
[warn] Setting -social-links set to github::https://github.com/lampepfl/dotty redundantly
[warn] Setting -skip-by-id set to scala.runtime.stdLibPatches redundantly
[warn] Setting -social-links set to discord::https://discord.com/invite/scala redundantly
[warn] Setting -skip-by-id set to scala.runtime.MatchCase redundantly
[warn] Setting -social-links set to twitter::https://twitter.com/scala_lang redundantly
[warn] bad option '-project-logo docs/_assets/images/logo.svg' was ignored
[warn] Setting -skip-by-id set to scala.runtime.stdLibPatches redundantly
[warn] Setting -social-links set to github::https://github.com/lampepfl/dotty redundantly
[warn] Setting -skip-by-id set to scala.runtime.MatchCase redundantly
[warn] Setting -social-links set to discord::https://discord.com/invite/scala redundantly
[warn] Flag -project-footer set repeatedly
[warn] Setting -social-links set to twitter::https://twitter.com/scala_lang redundantly
[warn] Flag -author set repeatedly
[warn] bad option '-project-footer "Copyright (c) 2002-2023, LAMP/EPFL"' was ignored
[warn] Flag -groups set repeatedly
[warn] bad option '-default-template static-site-main' was ignored
[warn] Flag -default-template set repeatedly
[warn] Flag -author set repeatedly
[warn] Setting -external-mappings set to .*scala/.*::scaladoc3::https://dotty.epfl.ch/api/ redundantly
[warn] Flag -groups set repeatedly
[warn] Setting -external-mappings set to .*java/.*::javadoc::https://docs.oracle.com/javase/8/docs/api/ redundantly
[warn] bad option '-project-version 3.3.1-RC1-bin-SNAPSHOT' was ignored
[warn] Setting -skip-by-regex set to .+\.internal($|\..+) redundantly
[warn] Setting -skip-by-regex set to .+\.impl($|\..+) redundantly
[warn] Setting -skip-by-id set to scala.runtime.stdLibPatches redundantly
[warn] Setting -skip-by-id set to scala.runtime.MatchCase redundantly
[warn] bad option '-project-logo docs/_assets/images/logo.svg' was ignored
[warn] Setting -social-links set to github::https://github.com/lampepfl/dotty redundantly
[warn] Setting -social-links set to discord::https://discord.com/invite/scala redundantly
[warn] Setting -social-links set to twitter::https://twitter.com/scala_lang redundantly
[warn] bad option '-project-footer "Copyright (c) 2002-2023, LAMP/EPFL"' was ignored
[warn] bad option '-default-template static-site-main' was ignored
[warn] Flag -author set repeatedly
[warn] Flag -groups set repeatedly
[info] Skipping unused scalacOptions: -Werror, -Yno-experimental, -Yexplicit-nulls
[info] Skipping unused scalacOptions: -Werror, -Yno-experimental, -Yexplicit-nulls
[info] :: delivering :: org.scala-lang#scala3-compiler_3;3.3.1-RC1-bin-SNAPSHOT :: 3.3.1-RC1-bin-SNAPSHOT :: integration :: Wed Jun 21 19:52:41 EDT 2023
[info] 	delivering ivy file to /Users/y3536zha/Desktop/scala_flexible_unsafe/scala_flexible_type_with_test_script/out/bootstrap/scala3-compiler-bootstrapped/scala-3.3.1-RC1-bin-SNAPSHOT-nonbootstrapped/ivy-3.3.1-RC1-bin-SNAPSHOT.xml
[info] 	published scala3-compiler_3 to /Users/y3536zha/.ivy2/local/org.scala-lang/scala3-compiler_3/3.3.1-RC1-bin-SNAPSHOT/poms/scala3-compiler_3.pom
[info] 	published scala3-compiler_3 to /Users/y3536zha/.ivy2/local/org.scala-lang/scala3-compiler_3/3.3.1-RC1-bin-SNAPSHOT/jars/scala3-compiler_3.jar
[info] 	published scala3-compiler_3 to /Users/y3536zha/.ivy2/local/org.scala-lang/scala3-compiler_3/3.3.1-RC1-bin-SNAPSHOT/srcs/scala3-compiler_3-sources.jar
[info] 	published scala3-compiler_3 to /Users/y3536zha/.ivy2/local/org.scala-lang/scala3-compiler_3/3.3.1-RC1-bin-SNAPSHOT/docs/scala3-compiler_3-javadoc.jar
[info] 	published ivy to /Users/y3536zha/.ivy2/local/org.scala-lang/scala3-compiler_3/3.3.1-RC1-bin-SNAPSHOT/ivys/ivy.xml
[warn] -- Warning: library/src/scala/util/FromDigits.scala:21:6 -----------------------
[warn] -- Warning: library/src/scala/util/FromDigits.scala:21:6 -----------------------
[warn] 21 |  def fromDigits(digits: String): T
[warn] 21 |  def fromDigits(digits: String): T
[warn]    |      ^
[warn]    |      ^
[warn]    |      No DRI found for query: MalformedNumber
[warn]    |      No DRI found for query: MalformedNumber
[error] -- [E069] Naming Error: /Users/y3536zha/Desktop/scala_flexible_unsafe/scala_flexible_type_with_test_script/library/src/scala/IArray.scala:13:7 
[error] 13 |object IArray:
[error] -- [E069] Naming Error: /Users/y3536zha/Desktop/scala_flexible_unsafe/scala_flexible_type_with_test_script/library/src/scala/IArray.scala:13:7 
[error] 13 |object IArray:
[error]    |       ^
[error]    |       ^
[error]    |object IArray cannot have the same name as object IArray in package scala -- cannot define object member with the same name as a object member in self reference _.
[error]    |object IArray cannot have the same name as object IArray in package scala -- cannot define object member with the same name as a object member in self reference _.
[error]    |(Note: this can be resolved by using another name)
[error]    |(Note: this can be resolved by using another name)
[warn] 28 warnings found
[warn] 14 warnings found
[error] one error found
[error] one error found
[info] :: delivering :: org.scala-lang#scala3-library_3;3.3.1-RC1-bin-SNAPSHOT :: 3.3.1-RC1-bin-SNAPSHOT :: integration :: Wed Jun 21 19:53:03 EDT 2023
[info] 	delivering ivy file to /Users/y3536zha/Desktop/scala_flexible_unsafe/scala_flexible_type_with_test_script/out/bootstrap/scala3-library-bootstrapped/scala-3.3.1-RC1-bin-SNAPSHOT-nonbootstrapped/ivy-3.3.1-RC1-bin-SNAPSHOT.xml
[info] 	published scala3-library_3 to /Users/y3536zha/.ivy2/local/org.scala-lang/scala3-library_3/3.3.1-RC1-bin-SNAPSHOT/poms/scala3-library_3.pom
[info] 	published scala3-library_3 to /Users/y3536zha/.ivy2/local/org.scala-lang/scala3-library_3/3.3.1-RC1-bin-SNAPSHOT/jars/scala3-library_3.jar
[info] 	published scala3-library_3 to /Users/y3536zha/.ivy2/local/org.scala-lang/scala3-library_3/3.3.1-RC1-bin-SNAPSHOT/srcs/scala3-library_3-sources.jar
[info] 	published scala3-library_3 to /Users/y3536zha/.ivy2/local/org.scala-lang/scala3-library_3/3.3.1-RC1-bin-SNAPSHOT/docs/scala3-library_3-javadoc.jar
[info] 	published ivy to /Users/y3536zha/.ivy2/local/org.scala-lang/scala3-library_3/3.3.1-RC1-bin-SNAPSHOT/ivys/ivy.xml
[info] :: delivering :: org.scala-lang#scala3-library_sjs1_3;3.3.1-RC1-bin-SNAPSHOT :: 3.3.1-RC1-bin-SNAPSHOT :: integration :: Wed Jun 21 19:53:03 EDT 2023
[info] 	delivering ivy file to /Users/y3536zha/Desktop/scala_flexible_unsafe/scala_flexible_type_with_test_script/out/bootstrap/scala3-library-bootstrappedJS/scala-3.3.1-RC1-bin-SNAPSHOT-nonbootstrapped/ivy-3.3.1-RC1-bin-SNAPSHOT.xml
[info] 	published scala3-library_sjs1_3 to /Users/y3536zha/.ivy2/local/org.scala-lang/scala3-library_sjs1_3/3.3.1-RC1-bin-SNAPSHOT/poms/scala3-library_sjs1_3.pom
[info] 	published scala3-library_sjs1_3 to /Users/y3536zha/.ivy2/local/org.scala-lang/scala3-library_sjs1_3/3.3.1-RC1-bin-SNAPSHOT/jars/scala3-library_sjs1_3.jar
[info] 	published scala3-library_sjs1_3 to /Users/y3536zha/.ivy2/local/org.scala-lang/scala3-library_sjs1_3/3.3.1-RC1-bin-SNAPSHOT/srcs/scala3-library_sjs1_3-sources.jar
[info] 	published scala3-library_sjs1_3 to /Users/y3536zha/.ivy2/local/org.scala-lang/scala3-library_sjs1_3/3.3.1-RC1-bin-SNAPSHOT/docs/scala3-library_sjs1_3-javadoc.jar
[info] 	published ivy to /Users/y3536zha/.ivy2/local/org.scala-lang/scala3-library_sjs1_3/3.3.1-RC1-bin-SNAPSHOT/ivys/ivy.xml
[info] Test run dotty.communitybuild.CommunityBuildTestA started
[info] Test dotty.communitybuild.CommunityBuildTestA.scalatestplusTestNG started
[32m[STARTING scalatestplus-testng][0m
[32mPublishing scala-xml[0m
[32msbt -sbt-version 1.8.0 -Dsbt.supershell=false -Ddotty.communitybuild.dir=/Users/y3536zha/Desktop/scala_flexible_unsafe/scala_flexible_type_with_test_script/community-build --addPluginSbtFile=/Users/y3536zha/Desktop/scala_flexible_unsafe/scala_flexible_type_with_test_script/community-build/sbt-injected-plugins clean; set Global/logLevel := Level.Error; set Global/updateOptions ~= (_.withLatestSnapshots(false)); set Global/scalacOptions ++= List("-Xcheck-macros","-Ysafe-init","-Yexplicit-nulls","-language:unsafeNulls","-Yflexible-types");++3.3.1-RC1-bin-SNAPSHOT!; xml/publishLocal[0m
[info] welcome to sbt 1.8.0 (Oracle Corporation Java 9.0.4)
[info] loading global plugins from /Users/y3536zha/.sbt/1.0/plugins
[info] loading settings for project scala-xml-build from plugins.sbt,sbt-injected-plugins ...
[info] loading project definition from /Users/y3536zha/Desktop/scala_flexible_unsafe/scala_flexible_type_with_test_script/community-build/community-projects/scala-xml/project
[info] loading settings for project scala-xml from build.sbt ...
SLF4J: No SLF4J providers were found.
SLF4J: Defaulting to no-operation (NOP) logger implementation
SLF4J: See https://www.slf4j.org/codes.html#noProviders for further details.
SLF4J: Class path contains SLF4J bindings targeting slf4j-api versions 1.7.x or earlier.
SLF4J: Ignoring binding found at [jar:file:/Users/y3536zha/.sbt/boot/scala-2.12.17/org.scala-sbt/sbt/1.8.0/log4j-slf4j-impl-2.17.1.jar!/org/slf4j/impl/StaticLoggerBinder.class]
SLF4J: See https://www.slf4j.org/codes.html#ignoredBindings for an explanation.
[info] set current project to scala-xml (in build file:/Users/y3536zha/Desktop/scala_flexible_unsafe/scala_flexible_type_with_test_script/community-build/community-projects/scala-xml/)
[success] Total time: 0 s, completed Jun 21, 2023, 7:53:19 PM
[info] Defining Global / logLevel
[info] The new value will be used by Test / test / testListeners, Test / testOnly / testListeners and 29 others.
[info] 	Run `last` for details.
[info] Reapplying settings...
[info] set current project to scala-xml (in build file:/Users/y3536zha/Desktop/scala_flexible_unsafe/scala_flexible_type_with_test_script/community-build/community-projects/scala-xml/)
[info] Defining Global / updateOptions
[info] The new value will be used by dependencyTreeIgnoreMissingUpdate / updateOptions, ivyConfiguration and 9 others.
[info] 	Run `last` for details.
[info] Reapplying settings...
[info] set current project to scala-xml (in build file:/Users/y3536zha/Desktop/scala_flexible_unsafe/scala_flexible_type_with_test_script/community-build/community-projects/scala-xml/)
[info] Defining Global / scalacOptions
[info] The new value will be used by Compile / scalacOptions, xml / scalacOptions and 1 others.
[info] 	Run `last` for details.
[info] Reapplying settings...
[info] set current project to scala-xml (in build file:/Users/y3536zha/Desktop/scala_flexible_unsafe/scala_flexible_type_with_test_script/community-build/community-projects/scala-xml/)
[info] Forcing Scala version to 3.3.1-RC1-bin-SNAPSHOT on all projects.
[info] Reapplying settings...
[info] Loading dependency tracking file /Users/y3536zha/Desktop/scala_flexible_unsafe/scala_flexible_type_with_test_script/community-build/dotty-community-build-deps
[info] Dependency tracking file /Users/y3536zha/Desktop/scala_flexible_unsafe/scala_flexible_type_with_test_script/community-build/dotty-community-build-deps does not exist
[info] set current project to scala-xml (in build file:/Users/y3536zha/Desktop/scala_flexible_unsafe/scala_flexible_type_with_test_script/community-build/community-projects/scala-xml/)
java.lang.NoClassDefFoundError: dotty/tools/backend/jvm/BCodeSyncAndTry$SyncAndTryBuilder$BoundEH
	at dotty.tools.backend.jvm.BCodeSyncAndTry$SyncAndTryBuilder$BoundEH$.apply(BCodeSyncAndTry.scala:422)
	at dotty.tools.backend.jvm.BCodeSyncAndTry$SyncAndTryBuilder.$anonfun$2(BCodeSyncAndTry.scala:189)
	at scala.collection.Iterator$$anon$9.next(Iterator.scala:584)
	at scala.collection.immutable.List.prependedAll(List.scala:153)
	at scala.collection.immutable.List$.from(List.scala:684)
	at scala.collection.immutable.List$.from(List.scala:681)
	at scala.collection.IterableOps$WithFilter.map(Iterable.scala:898)
	at dotty.tools.backend.jvm.BCodeSyncAndTry$SyncAndTryBuilder.genLoadTry(BCodeSyncAndTry.scala:191)
	at dotty.tools.backend.jvm.BCodeBodyBuilder$PlainBodyBuilder.genLoadTo(BCodeBodyBuilder.scala:345)
	at dotty.tools.backend.jvm.BCodeBodyBuilder$PlainBodyBuilder.genLoad(BCodeBodyBuilder.scala:303)
	at dotty.tools.backend.jvm.BCodeBodyBuilder$PlainBodyBuilder.genStat(BCodeBodyBuilder.scala:117)
	at dotty.tools.backend.jvm.BCodeBodyBuilder$PlainBodyBuilder.genBlockTo$$anonfun$1(BCodeBodyBuilder.scala:1087)
	at scala.runtime.function.JProcedure1.apply(JProcedure1.java:15)
	at scala.runtime.function.JProcedure1.apply(JProcedure1.java:10)
	at scala.collection.immutable.List.foreach(List.scala:333)
	at dotty.tools.backend.jvm.BCodeBodyBuilder$PlainBodyBuilder.genBlockTo(BCodeBodyBuilder.scala:1087)
	at dotty.tools.backend.jvm.BCodeBodyBuilder$PlainBodyBuilder.genLoadTo(BCodeBodyBuilder.scala:454)
	at dotty.tools.backend.jvm.BCodeSkelBuilder$PlainSkelBuilder.emitNormalMethodBody$1(BCodeSkelBuilder.scala:827)
	at dotty.tools.backend.jvm.BCodeSkelBuilder$PlainSkelBuilder.genDefDef(BCodeSkelBuilder.scala:850)
	at dotty.tools.backend.jvm.BCodeSkelBuilder$PlainSkelBuilder.gen(BCodeSkelBuilder.scala:632)
	at dotty.tools.backend.jvm.BCodeSkelBuilder$PlainSkelBuilder.gen$$anonfun$1(BCodeSkelBuilder.scala:638)
	at scala.runtime.function.JProcedure1.apply(JProcedure1.java:15)
	at scala.runtime.function.JProcedure1.apply(JProcedure1.java:10)
	at scala.collection.immutable.List.foreach(List.scala:333)
	at dotty.tools.backend.jvm.BCodeSkelBuilder$PlainSkelBuilder.gen(BCodeSkelBuilder.scala:638)
	at dotty.tools.backend.jvm.BCodeSkelBuilder$PlainSkelBuilder.genPlainClass(BCodeSkelBuilder.scala:233)
	at dotty.tools.backend.jvm.CodeGen.genClass(CodeGen.scala:138)
	at dotty.tools.backend.jvm.CodeGen.genClassDef$1(CodeGen.scala:55)
	at dotty.tools.backend.jvm.CodeGen.genClassDefs$1(CodeGen.scala:101)
	at dotty.tools.backend.jvm.CodeGen.genClassDefs$1$$anonfun$1(CodeGen.scala:99)
	at scala.runtime.function.JProcedure1.apply(JProcedure1.java:15)
	at scala.runtime.function.JProcedure1.apply(JProcedure1.java:10)
	at scala.collection.immutable.List.foreach(List.scala:333)
	at dotty.tools.backend.jvm.CodeGen.genClassDefs$1(CodeGen.scala:99)
	at dotty.tools.backend.jvm.CodeGen.genClassDefs$1$$anonfun$1(CodeGen.scala:99)
	at scala.runtime.function.JProcedure1.apply(JProcedure1.java:15)
	at scala.runtime.function.JProcedure1.apply(JProcedure1.java:10)
	at scala.collection.immutable.List.foreach(List.scala:333)
	at dotty.tools.backend.jvm.CodeGen.genClassDefs$1(CodeGen.scala:99)
	at dotty.tools.backend.jvm.CodeGen.genClassDefs$1$$anonfun$1(CodeGen.scala:99)
	at scala.runtime.function.JProcedure1.apply(JProcedure1.java:15)
	at scala.runtime.function.JProcedure1.apply(JProcedure1.java:10)
	at scala.collection.immutable.List.foreach(List.scala:333)
	at dotty.tools.backend.jvm.CodeGen.genClassDefs$1(CodeGen.scala:99)
	at dotty.tools.backend.jvm.CodeGen.genUnit(CodeGen.scala:104)
	at dotty.tools.backend.jvm.GenBCode.run(GenBCode.scala:76)
	at dotty.tools.dotc.core.Phases$Phase.runOn$$anonfun$1(Phases.scala:324)
	at scala.collection.immutable.List.map(List.scala:250)
	at dotty.tools.dotc.core.Phases$Phase.runOn(Phases.scala:328)
	at dotty.tools.backend.jvm.GenBCode.runOn(GenBCode.scala:87)
	at dotty.tools.dotc.Run.runPhases$1$$anonfun$1(Run.scala:246)
	at scala.runtime.function.JProcedure1.apply(JProcedure1.java:15)
	at scala.runtime.function.JProcedure1.apply(JProcedure1.java:10)
	at scala.collection.ArrayOps$.foreach$extension(ArrayOps.scala:1321)
	at dotty.tools.dotc.Run.runPhases$1(Run.scala:262)
	at dotty.tools.dotc.Run.compileUnits$$anonfun$1(Run.scala:270)
	at dotty.tools.dotc.Run.compileUnits$$anonfun$adapted$1(Run.scala:279)
	at dotty.tools.dotc.util.Stats$.maybeMonitored(Stats.scala:67)
	at dotty.tools.dotc.Run.compileUnits(Run.scala:279)
	at dotty.tools.dotc.Run.compileSources(Run.scala:194)
	at dotty.tools.dotc.Run.compile(Run.scala:179)
	at dotty.tools.dotc.Driver.doCompile(Driver.scala:37)
	at dotty.tools.xsbt.CompilerBridgeDriver.run(CompilerBridgeDriver.java:88)
	at dotty.tools.xsbt.CompilerBridge.run(CompilerBridge.java:22)
	at sbt.internal.inc.AnalyzingCompiler.compile(AnalyzingCompiler.scala:91)
	at sbt.internal.inc.MixedAnalyzingCompiler.$anonfun$compile$7(MixedAnalyzingCompiler.scala:193)
	at scala.runtime.java8.JFunction0$mcV$sp.apply(JFunction0$mcV$sp.java:23)
	at sbt.internal.inc.MixedAnalyzingCompiler.timed(MixedAnalyzingCompiler.scala:248)
	at sbt.internal.inc.MixedAnalyzingCompiler.$anonfun$compile$4(MixedAnalyzingCompiler.scala:183)
	at sbt.internal.inc.MixedAnalyzingCompiler.$anonfun$compile$4$adapted(MixedAnalyzingCompiler.scala:163)
	at sbt.internal.inc.JarUtils$.withPreviousJar(JarUtils.scala:239)
	at sbt.internal.inc.MixedAnalyzingCompiler.compileScala$1(MixedAnalyzingCompiler.scala:163)
	at sbt.internal.inc.MixedAnalyzingCompiler.compile(MixedAnalyzingCompiler.scala:211)
	at sbt.internal.inc.IncrementalCompilerImpl.$anonfun$compileInternal$1(IncrementalCompilerImpl.scala:534)
	at sbt.internal.inc.IncrementalCompilerImpl.$anonfun$compileInternal$1$adapted(IncrementalCompilerImpl.scala:534)
	at sbt.internal.inc.Incremental$.$anonfun$apply$5(Incremental.scala:179)
	at sbt.internal.inc.Incremental$.$anonfun$apply$5$adapted(Incremental.scala:177)
	at sbt.internal.inc.Incremental$$anon$2.run(Incremental.scala:463)
	at sbt.internal.inc.IncrementalCommon$CycleState.next(IncrementalCommon.scala:116)
	at sbt.internal.inc.IncrementalCommon$$anon$1.next(IncrementalCommon.scala:56)
	at sbt.internal.inc.IncrementalCommon$$anon$1.next(IncrementalCommon.scala:52)
	at sbt.internal.inc.IncrementalCommon.cycle(IncrementalCommon.scala:263)
	at sbt.internal.inc.Incremental$.$anonfun$incrementalCompile$8(Incremental.scala:418)
	at sbt.internal.inc.Incremental$.withClassfileManager(Incremental.scala:506)
	at sbt.internal.inc.Incremental$.incrementalCompile(Incremental.scala:405)
	at sbt.internal.inc.Incremental$.apply(Incremental.scala:171)
	at sbt.internal.inc.IncrementalCompilerImpl.compileInternal(IncrementalCompilerImpl.scala:534)
	at sbt.internal.inc.IncrementalCompilerImpl.$anonfun$compileIncrementally$1(IncrementalCompilerImpl.scala:488)
	at sbt.internal.inc.IncrementalCompilerImpl.handleCompilationError(IncrementalCompilerImpl.scala:332)
	at sbt.internal.inc.IncrementalCompilerImpl.compileIncrementally(IncrementalCompilerImpl.scala:425)
	at sbt.internal.inc.IncrementalCompilerImpl.compile(IncrementalCompilerImpl.scala:137)
	at sbt.Defaults$.compileIncrementalTaskImpl(Defaults.scala:2363)
	at sbt.Defaults$.$anonfun$compileIncrementalTask$2(Defaults.scala:2313)
	at sbt.internal.server.BspCompileTask$.$anonfun$compute$1(BspCompileTask.scala:30)
	at sbt.internal.io.Retry$.apply(Retry.scala:46)
	at sbt.internal.io.Retry$.apply(Retry.scala:28)
	at sbt.internal.io.Retry$.apply(Retry.scala:23)
	at sbt.internal.server.BspCompileTask$.compute(BspCompileTask.scala:30)
	at sbt.Defaults$.$anonfun$compileIncrementalTask$1(Defaults.scala:2311)
	at scala.Function1.$anonfun$compose$1(Function1.scala:49)
	at sbt.internal.util.$tilde$greater.$anonfun$$u2219$1(TypeFunctions.scala:62)
	at sbt.std.Transform$$anon$4.work(Transform.scala:68)
	at sbt.Execute.$anonfun$submit$2(Execute.scala:282)
	at sbt.internal.util.ErrorHandling$.wideConvert(ErrorHandling.scala:23)
	at sbt.Execute.work(Execute.scala:291)
	at sbt.Execute.$anonfun$submit$1(Execute.scala:282)
	at sbt.ConcurrentRestrictions$$anon$4.$anonfun$submitValid$1(ConcurrentRestrictions.scala:265)
	at sbt.CompletionService$$anon$2.call(CompletionService.scala:64)
	at java.base/java.util.concurrent.FutureTask.run(Unknown Source)
	at java.base/java.util.concurrent.Executors$RunnableAdapter.call(Unknown Source)
	at java.base/java.util.concurrent.FutureTask.run(Unknown Source)
	at java.base/java.util.concurrent.ThreadPoolExecutor.runWorker(Unknown Source)
	at java.base/java.util.concurrent.ThreadPoolExecutor$Worker.run(Unknown Source)
	at java.base/java.lang.Thread.run(Unknown Source)
Caused by: java.lang.ClassNotFoundException: dotty.tools.backend.jvm.BCodeSyncAndTry$SyncAndTryBuilder$BoundEH
	at java.base/java.net.URLClassLoader$1.run(Unknown Source)
	at java.base/java.net.URLClassLoader$1.run(Unknown Source)
	at java.base/java.security.AccessController.doPrivileged(Native Method)
	at java.base/java.net.URLClassLoader.findClass(Unknown Source)
	at java.base/java.lang.ClassLoader.loadClass(Unknown Source)
	at java.base/java.lang.ClassLoader.loadClass(Unknown Source)
	... 114 more
Caused by: java.util.zip.ZipException: ZipFile invalid LOC header (bad signature)
	at java.base/java.util.zip.ZipFile$ZipFileInputStream.initDataOffset(Unknown Source)
	at java.base/java.util.zip.ZipFile$ZipFileInputStream.read(Unknown Source)
	at java.base/java.util.zip.ZipFile$ZipFileInflaterInputStream.fill(Unknown Source)
	at java.base/java.util.zip.InflaterInputStream.read(Unknown Source)
	at java.base/jdk.internal.loader.Resource.getBytes(Unknown Source)
	at java.base/java.net.URLClassLoader.defineClass(Unknown Source)
	at java.base/java.net.URLClassLoader.access$100(Unknown Source)
	... 120 more
[error] Error while emitting /Users/y3536zha/Desktop/scala_flexible_unsafe/scala_flexible_type_with_test_script/community-build/community-projects/scala-xml/shared/src/main/scala/scala/xml/include/sax/XIncludeFilter.scala
[error] dotty/tools/backend/jvm/BCodeSyncAndTry$SyncAndTryBuilder$BoundEH
java.lang.NoClassDefFoundError: dotty/tools/backend/jvm/BCodeSyncAndTry$SyncAndTryBuilder$BoundEH
	at dotty.tools.backend.jvm.BCodeSyncAndTry$SyncAndTryBuilder$BoundEH$.apply(BCodeSyncAndTry.scala:422)
	at dotty.tools.backend.jvm.BCodeSyncAndTry$SyncAndTryBuilder.$anonfun$2(BCodeSyncAndTry.scala:189)
	at scala.collection.Iterator$$anon$9.next(Iterator.scala:584)
	at scala.collection.immutable.List.prependedAll(List.scala:153)
	at scala.collection.immutable.List$.from(List.scala:684)
	at scala.collection.immutable.List$.from(List.scala:681)
	at scala.collection.IterableOps$WithFilter.map(Iterable.scala:898)
	at dotty.tools.backend.jvm.BCodeSyncAndTry$SyncAndTryBuilder.genLoadTry(BCodeSyncAndTry.scala:191)
	at dotty.tools.backend.jvm.BCodeBodyBuilder$PlainBodyBuilder.genLoadTo(BCodeBodyBuilder.scala:345)
	at dotty.tools.backend.jvm.BCodeBodyBuilder$PlainBodyBuilder.genLoadTo(BCodeBodyBuilder.scala:452)
	at dotty.tools.backend.jvm.BCodeSkelBuilder$PlainSkelBuilder.emitNormalMethodBody$1(BCodeSkelBuilder.scala:827)
	at dotty.tools.backend.jvm.BCodeSkelBuilder$PlainSkelBuilder.genDefDef(BCodeSkelBuilder.scala:850)
	at dotty.tools.backend.jvm.BCodeSkelBuilder$PlainSkelBuilder.gen(BCodeSkelBuilder.scala:632)
	at dotty.tools.backend.jvm.BCodeSkelBuilder$PlainSkelBuilder.gen$$anonfun$1(BCodeSkelBuilder.scala:638)
	at scala.runtime.function.JProcedure1.apply(JProcedure1.java:15)
	at scala.runtime.function.JProcedure1.apply(JProcedure1.java:10)
	at scala.collection.immutable.List.foreach(List.scala:333)
	at dotty.tools.backend.jvm.BCodeSkelBuilder$PlainSkelBuilder.gen(BCodeSkelBuilder.scala:638)
	at dotty.tools.backend.jvm.BCodeSkelBuilder$PlainSkelBuilder.genPlainClass(BCodeSkelBuilder.scala:233)
	at dotty.tools.backend.jvm.CodeGen.genClass(CodeGen.scala:138)
	at dotty.tools.backend.jvm.CodeGen.genClassDef$1(CodeGen.scala:55)
	at dotty.tools.backend.jvm.CodeGen.genClassDefs$1(CodeGen.scala:101)
	at dotty.tools.backend.jvm.CodeGen.genClassDefs$1$$anonfun$1(CodeGen.scala:99)
	at scala.runtime.function.JProcedure1.apply(JProcedure1.java:15)
	at scala.runtime.function.JProcedure1.apply(JProcedure1.java:10)
	at scala.collection.immutable.List.foreach(List.scala:333)
	at dotty.tools.backend.jvm.CodeGen.genClassDefs$1(CodeGen.scala:99)
	at dotty.tools.backend.jvm.CodeGen.genClassDefs$1$$anonfun$1(CodeGen.scala:99)
	at scala.runtime.function.JProcedure1.apply(JProcedure1.java:15)
	at scala.runtime.function.JProcedure1.apply(JProcedure1.java:10)
	at scala.collection.immutable.List.foreach(List.scala:333)
	at dotty.tools.backend.jvm.CodeGen.genClassDefs$1(CodeGen.scala:99)
	at dotty.tools.backend.jvm.CodeGen.genClassDefs$1$$anonfun$1(CodeGen.scala:99)
	at scala.runtime.function.JProcedure1.apply(JProcedure1.java:15)
	at scala.runtime.function.JProcedure1.apply(JProcedure1.java:10)
	at scala.collection.immutable.List.foreach(List.scala:333)
	at dotty.tools.backend.jvm.CodeGen.genClassDefs$1(CodeGen.scala:99)
	at dotty.tools.backend.jvm.CodeGen.genUnit(CodeGen.scala:104)
	at dotty.tools.backend.jvm.GenBCode.run(GenBCode.scala:76)
	at dotty.tools.dotc.core.Phases$Phase.runOn$$anonfun$1(Phases.scala:324)
	at scala.collection.immutable.List.map(List.scala:250)
	at dotty.tools.dotc.core.Phases$Phase.runOn(Phases.scala:328)
	at dotty.tools.backend.jvm.GenBCode.runOn(GenBCode.scala:87)
	at dotty.tools.dotc.Run.runPhases$1$$anonfun$1(Run.scala:246)
	at scala.runtime.function.JProcedure1.apply(JProcedure1.java:15)
	at scala.runtime.function.JProcedure1.apply(JProcedure1.java:10)
	at scala.collection.ArrayOps$.foreach$extension(ArrayOps.scala:1321)
	at dotty.tools.dotc.Run.runPhases$1(Run.scala:262)
	at dotty.tools.dotc.Run.compileUnits$$anonfun$1(Run.scala:270)
	at dotty.tools.dotc.Run.compileUnits$$anonfun$adapted$1(Run.scala:279)
	at dotty.tools.dotc.util.Stats$.maybeMonitored(Stats.scala:67)
	at dotty.tools.dotc.Run.compileUnits(Run.scala:279)
	at dotty.tools.dotc.Run.compileSources(Run.scala:194)
	at dotty.tools.dotc.Run.compile(Run.scala:179)
	at dotty.tools.dotc.Driver.doCompile(Driver.scala:37)
	at dotty.tools.xsbt.CompilerBridgeDriver.run(CompilerBridgeDriver.java:88)
	at dotty.tools.xsbt.CompilerBridge.run(CompilerBridge.java:22)
	at sbt.internal.inc.AnalyzingCompiler.compile(AnalyzingCompiler.scala:91)
	at sbt.internal.inc.MixedAnalyzingCompiler.$anonfun$compile$7(MixedAnalyzingCompiler.scala:193)
	at scala.runtime.java8.JFunction0$mcV$sp.apply(JFunction0$mcV$sp.java:23)
	at sbt.internal.inc.MixedAnalyzingCompiler.timed(MixedAnalyzingCompiler.scala:248)
	at sbt.internal.inc.MixedAnalyzingCompiler.$anonfun$compile$4(MixedAnalyzingCompiler.scala:183)
	at sbt.internal.inc.MixedAnalyzingCompiler.$anonfun$compile$4$adapted(MixedAnalyzingCompiler.scala:163)
	at sbt.internal.inc.JarUtils$.withPreviousJar(JarUtils.scala:239)
	at sbt.internal.inc.MixedAnalyzingCompiler.compileScala$1(MixedAnalyzingCompiler.scala:163)
	at sbt.internal.inc.MixedAnalyzingCompiler.compile(MixedAnalyzingCompiler.scala:211)
	at sbt.internal.inc.IncrementalCompilerImpl.$anonfun$compileInternal$1(IncrementalCompilerImpl.scala:534)
	at sbt.internal.inc.IncrementalCompilerImpl.$anonfun$compileInternal$1$adapted(IncrementalCompilerImpl.scala:534)
	at sbt.internal.inc.Incremental$.$anonfun$apply$5(Incremental.scala:179)
	at sbt.internal.inc.Incremental$.$anonfun$apply$5$adapted(Incremental.scala:177)
	at sbt.internal.inc.Incremental$$anon$2.run(Incremental.scala:463)
	at sbt.internal.inc.IncrementalCommon$CycleState.next(IncrementalCommon.scala:116)
	at sbt.internal.inc.IncrementalCommon$$anon$1.next(IncrementalCommon.scala:56)
	at sbt.internal.inc.IncrementalCommon$$anon$1.next(IncrementalCommon.scala:52)
	at sbt.internal.inc.IncrementalCommon.cycle(IncrementalCommon.scala:263)
	at sbt.internal.inc.Incremental$.$anonfun$incrementalCompile$8(Incremental.scala:418)
	at sbt.internal.inc.Incremental$.withClassfileManager(Incremental.scala:506)
	at sbt.internal.inc.Incremental$.incrementalCompile(Incremental.scala:405)
	at sbt.internal.inc.Incremental$.apply(Incremental.scala:171)
	at sbt.internal.inc.IncrementalCompilerImpl.compileInternal(IncrementalCompilerImpl.scala:534)
	at sbt.internal.inc.IncrementalCompilerImpl.$anonfun$compileIncrementally$1(IncrementalCompilerImpl.scala:488)
	at sbt.internal.inc.IncrementalCompilerImpl.handleCompilationError(IncrementalCompilerImpl.scala:332)
	at sbt.internal.inc.IncrementalCompilerImpl.compileIncrementally(IncrementalCompilerImpl.scala:425)
	at sbt.internal.inc.IncrementalCompilerImpl.compile(IncrementalCompilerImpl.scala:137)
	at sbt.Defaults$.compileIncrementalTaskImpl(Defaults.scala:2363)
	at sbt.Defaults$.$anonfun$compileIncrementalTask$2(Defaults.scala:2313)
	at sbt.internal.server.BspCompileTask$.$anonfun$compute$1(BspCompileTask.scala:30)
	at sbt.internal.io.Retry$.apply(Retry.scala:46)
	at sbt.internal.io.Retry$.apply(Retry.scala:28)
	at sbt.internal.io.Retry$.apply(Retry.scala:23)
	at sbt.internal.server.BspCompileTask$.compute(BspCompileTask.scala:30)
	at sbt.Defaults$.$anonfun$compileIncrementalTask$1(Defaults.scala:2311)
	at scala.Function1.$anonfun$compose$1(Function1.scala:49)
	at sbt.internal.util.$tilde$greater.$anonfun$$u2219$1(TypeFunctions.scala:62)
	at sbt.std.Transform$$anon$4.work(Transform.scala:68)
	at sbt.Execute.$anonfun$submit$2(Execute.scala:282)
	at sbt.internal.util.ErrorHandling$.wideConvert(ErrorHandling.scala:23)
	at sbt.Execute.work(Execute.scala:291)
	at sbt.Execute.$anonfun$submit$1(Execute.scala:282)
	at sbt.ConcurrentRestrictions$$anon$4.$anonfun$submitValid$1(ConcurrentRestrictions.scala:265)
	at sbt.CompletionService$$anon$2.call(CompletionService.scala:64)
	at java.base/java.util.concurrent.FutureTask.run(Unknown Source)
	at java.base/java.util.concurrent.Executors$RunnableAdapter.call(Unknown Source)
	at java.base/java.util.concurrent.FutureTask.run(Unknown Source)
	at java.base/java.util.concurrent.ThreadPoolExecutor.runWorker(Unknown Source)
	at java.base/java.util.concurrent.ThreadPoolExecutor$Worker.run(Unknown Source)
	at java.base/java.lang.Thread.run(Unknown Source)
[error] Error while emitting /Users/y3536zha/Desktop/scala_flexible_unsafe/scala_flexible_type_with_test_script/community-build/community-projects/scala-xml/shared/src/main/scala/scala/xml/include/sax/XIncluder.scala
[error] dotty/tools/backend/jvm/BCodeSyncAndTry$SyncAndTryBuilder$BoundEH
java.lang.NoClassDefFoundError: dotty/tools/backend/jvm/BCodeSyncAndTry$SyncAndTryBuilder$BoundEH
	at dotty.tools.backend.jvm.BCodeSyncAndTry$SyncAndTryBuilder$BoundEH$.apply(BCodeSyncAndTry.scala:422)
	at dotty.tools.backend.jvm.BCodeSyncAndTry$SyncAndTryBuilder.$anonfun$2(BCodeSyncAndTry.scala:189)
	at scala.collection.Iterator$$anon$9.next(Iterator.scala:584)
	at scala.collection.immutable.List.prependedAll(List.scala:153)
	at scala.collection.immutable.List$.from(List.scala:684)
	at scala.collection.immutable.List$.from(List.scala:681)
	at scala.collection.IterableOps$WithFilter.map(Iterable.scala:898)
	at dotty.tools.backend.jvm.BCodeSyncAndTry$SyncAndTryBuilder.genLoadTry(BCodeSyncAndTry.scala:191)
	at dotty.tools.backend.jvm.BCodeBodyBuilder$PlainBodyBuilder.genLoadTo(BCodeBodyBuilder.scala:345)
	at dotty.tools.backend.jvm.BCodeBodyBuilder$PlainBodyBuilder.genBlockTo(BCodeBodyBuilder.scala:1088)
	at dotty.tools.backend.jvm.BCodeBodyBuilder$PlainBodyBuilder.genLoadTo(BCodeBodyBuilder.scala:454)
	at dotty.tools.backend.jvm.BCodeSkelBuilder$PlainSkelBuilder.emitNormalMethodBody$1(BCodeSkelBuilder.scala:827)
	at dotty.tools.backend.jvm.BCodeSkelBuilder$PlainSkelBuilder.genDefDef(BCodeSkelBuilder.scala:850)
	at dotty.tools.backend.jvm.BCodeSkelBuilder$PlainSkelBuilder.gen(BCodeSkelBuilder.scala:632)
	at dotty.tools.backend.jvm.BCodeSkelBuilder$PlainSkelBuilder.gen$$anonfun$1(BCodeSkelBuilder.scala:638)
	at scala.runtime.function.JProcedure1.apply(JProcedure1.java:15)
	at scala.runtime.function.JProcedure1.apply(JProcedure1.java:10)
	at scala.collection.immutable.List.foreach(List.scala:333)
	at dotty.tools.backend.jvm.BCodeSkelBuilder$PlainSkelBuilder.gen(BCodeSkelBuilder.scala:638)
	at dotty.tools.backend.jvm.BCodeSkelBuilder$PlainSkelBuilder.genPlainClass(BCodeSkelBuilder.scala:233)
	at dotty.tools.backend.jvm.CodeGen.genClass(CodeGen.scala:138)
	at dotty.tools.backend.jvm.CodeGen.genClassDef$1(CodeGen.scala:55)
	at dotty.tools.backend.jvm.CodeGen.genClassDefs$1(CodeGen.scala:101)
	at dotty.tools.backend.jvm.CodeGen.genClassDefs$1$$anonfun$1(CodeGen.scala:99)
	at scala.runtime.function.JProcedure1.apply(JProcedure1.java:15)
	at scala.runtime.function.JProcedure1.apply(JProcedure1.java:10)
	at scala.collection.immutable.List.foreach(List.scala:333)
	at dotty.tools.backend.jvm.CodeGen.genClassDefs$1(CodeGen.scala:99)
	at dotty.tools.backend.jvm.CodeGen.genClassDefs$1$$anonfun$1(CodeGen.scala:99)
	at scala.runtime.function.JProcedure1.apply(JProcedure1.java:15)
	at scala.runtime.function.JProcedure1.apply(JProcedure1.java:10)
	at scala.collection.immutable.List.foreach(List.scala:333)
	at dotty.tools.backend.jvm.CodeGen.genClassDefs$1(CodeGen.scala:99)
	at dotty.tools.backend.jvm.CodeGen.genClassDefs$1$$anonfun$1(CodeGen.scala:99)
	at scala.runtime.function.JProcedure1.apply(JProcedure1.java:15)
	at scala.runtime.function.JProcedure1.apply(JProcedure1.java:10)
	at scala.collection.immutable.List.foreach(List.scala:333)
	at dotty.tools.backend.jvm.CodeGen.genClassDefs$1(CodeGen.scala:99)
	at dotty.tools.backend.jvm.CodeGen.genUnit(CodeGen.scala:104)
	at dotty.tools.backend.jvm.GenBCode.run(GenBCode.scala:76)
	at dotty.tools.dotc.core.Phases$Phase.runOn$$anonfun$1(Phases.scala:324)
	at scala.collection.immutable.List.map(List.scala:250)
	at dotty.tools.dotc.core.Phases$Phase.runOn(Phases.scala:328)
	at dotty.tools.backend.jvm.GenBCode.runOn(GenBCode.scala:87)
	at dotty.tools.dotc.Run.runPhases$1$$anonfun$1(Run.scala:246)
	at scala.runtime.function.JProcedure1.apply(JProcedure1.java:15)
	at scala.runtime.function.JProcedure1.apply(JProcedure1.java:10)
	at scala.collection.ArrayOps$.foreach$extension(ArrayOps.scala:1321)
	at dotty.tools.dotc.Run.runPhases$1(Run.scala:262)
	at dotty.tools.dotc.Run.compileUnits$$anonfun$1(Run.scala:270)
	at dotty.tools.dotc.Run.compileUnits$$anonfun$adapted$1(Run.scala:279)
	at dotty.tools.dotc.util.Stats$.maybeMonitored(Stats.scala:67)
	at dotty.tools.dotc.Run.compileUnits(Run.scala:279)
	at dotty.tools.dotc.Run.compileSources(Run.scala:194)
	at dotty.tools.dotc.Run.compile(Run.scala:179)
	at dotty.tools.dotc.Driver.doCompile(Driver.scala:37)
	at dotty.tools.xsbt.CompilerBridgeDriver.run(CompilerBridgeDriver.java:88)
	at dotty.tools.xsbt.CompilerBridge.run(CompilerBridge.java:22)
	at sbt.internal.inc.AnalyzingCompiler.compile(AnalyzingCompiler.scala:91)
	at sbt.internal.inc.MixedAnalyzingCompiler.$anonfun$compile$7(MixedAnalyzingCompiler.scala:193)
	at scala.runtime.java8.JFunction0$mcV$sp.apply(JFunction0$mcV$sp.java:23)
	at sbt.internal.inc.MixedAnalyzingCompiler.timed(MixedAnalyzingCompiler.scala:248)
	at sbt.internal.inc.MixedAnalyzingCompiler.$anonfun$compile$4(MixedAnalyzingCompiler.scala:183)
	at sbt.internal.inc.MixedAnalyzingCompiler.$anonfun$compile$4$adapted(MixedAnalyzingCompiler.scala:163)
	at sbt.internal.inc.JarUtils$.withPreviousJar(JarUtils.scala:239)
	at sbt.internal.inc.MixedAnalyzingCompiler.compileScala$1(MixedAnalyzingCompiler.scala:163)
	at sbt.internal.inc.MixedAnalyzingCompiler.compile(MixedAnalyzingCompiler.scala:211)
	at sbt.internal.inc.IncrementalCompilerImpl.$anonfun$compileInternal$1(IncrementalCompilerImpl.scala:534)
	at sbt.internal.inc.IncrementalCompilerImpl.$anonfun$compileInternal$1$adapted(IncrementalCompilerImpl.scala:534)
	at sbt.internal.inc.Incremental$.$anonfun$apply$5(Incremental.scala:179)
	at sbt.internal.inc.Incremental$.$anonfun$apply$5$adapted(Incremental.scala:177)
	at sbt.internal.inc.Incremental$$anon$2.run(Incremental.scala:463)
	at sbt.internal.inc.IncrementalCommon$CycleState.next(IncrementalCommon.scala:116)
	at sbt.internal.inc.IncrementalCommon$$anon$1.next(IncrementalCommon.scala:56)
	at sbt.internal.inc.IncrementalCommon$$anon$1.next(IncrementalCommon.scala:52)
	at sbt.internal.inc.IncrementalCommon.cycle(IncrementalCommon.scala:263)
	at sbt.internal.inc.Incremental$.$anonfun$incrementalCompile$8(Incremental.scala:418)
	at sbt.internal.inc.Incremental$.withClassfileManager(Incremental.scala:506)
	at sbt.internal.inc.Incremental$.incrementalCompile(Incremental.scala:405)
	at sbt.internal.inc.Incremental$.apply(Incremental.scala:171)
	at sbt.internal.inc.IncrementalCompilerImpl.compileInternal(IncrementalCompilerImpl.scala:534)
	at sbt.internal.inc.IncrementalCompilerImpl.$anonfun$compileIncrementally$1(IncrementalCompilerImpl.scala:488)
	at sbt.internal.inc.IncrementalCompilerImpl.handleCompilationError(IncrementalCompilerImpl.scala:332)
	at sbt.internal.inc.IncrementalCompilerImpl.compileIncrementally(IncrementalCompilerImpl.scala:425)
	at sbt.internal.inc.IncrementalCompilerImpl.compile(IncrementalCompilerImpl.scala:137)
	at sbt.Defaults$.compileIncrementalTaskImpl(Defaults.scala:2363)
	at sbt.Defaults$.$anonfun$compileIncrementalTask$2(Defaults.scala:2313)
	at sbt.internal.server.BspCompileTask$.$anonfun$compute$1(BspCompileTask.scala:30)
	at sbt.internal.io.Retry$.apply(Retry.scala:46)
	at sbt.internal.io.Retry$.apply(Retry.scala:28)
	at sbt.internal.io.Retry$.apply(Retry.scala:23)
	at sbt.internal.server.BspCompileTask$.compute(BspCompileTask.scala:30)
	at sbt.Defaults$.$anonfun$compileIncrementalTask$1(Defaults.scala:2311)
	at scala.Function1.$anonfun$compose$1(Function1.scala:49)
	at sbt.internal.util.$tilde$greater.$anonfun$$u2219$1(TypeFunctions.scala:62)
	at sbt.std.Transform$$anon$4.work(Transform.scala:68)
	at sbt.Execute.$anonfun$submit$2(Execute.scala:282)
	at sbt.internal.util.ErrorHandling$.wideConvert(ErrorHandling.scala:23)
	at sbt.Execute.work(Execute.scala:291)
	at sbt.Execute.$anonfun$submit$1(Execute.scala:282)
	at sbt.ConcurrentRestrictions$$anon$4.$anonfun$submitValid$1(ConcurrentRestrictions.scala:265)
	at sbt.CompletionService$$anon$2.call(CompletionService.scala:64)
	at java.base/java.util.concurrent.FutureTask.run(Unknown Source)
	at java.base/java.util.concurrent.Executors$RunnableAdapter.call(Unknown Source)
	at java.base/java.util.concurrent.FutureTask.run(Unknown Source)
	at java.base/java.util.concurrent.ThreadPoolExecutor.runWorker(Unknown Source)
	at java.base/java.util.concurrent.ThreadPoolExecutor$Worker.run(Unknown Source)
	at java.base/java.lang.Thread.run(Unknown Source)
[error] Error while emitting /Users/y3536zha/Desktop/scala_flexible_unsafe/scala_flexible_type_with_test_script/community-build/community-projects/scala-xml/shared/src/main/scala/scala/xml/parsing/MarkupHandler.scala
[error] dotty/tools/backend/jvm/BCodeSyncAndTry$SyncAndTryBuilder$BoundEH
java.lang.NoClassDefFoundError: dotty/tools/dotc/ast/Trees$Instance$ShallowFolder
	at dotty.tools.dotc.ast.tpd$TreeOps$.shallowFold$extension(tpd.scala:826)
	at dotty.tools.dotc.ast.tpd$TreeOps$.find$extension(tpd.scala:832)
	at dotty.tools.backend.jvm.BCodeSyncAndTry$SyncAndTryBuilder.mayCleanStack(BCodeSyncAndTry.scala:418)
	at dotty.tools.backend.jvm.BCodeSyncAndTry$SyncAndTryBuilder.genLoadTry(BCodeSyncAndTry.scala:211)
	at dotty.tools.backend.jvm.BCodeBodyBuilder$PlainBodyBuilder.genLoadTo(BCodeBodyBuilder.scala:345)
	at dotty.tools.backend.jvm.BCodeBodyBuilder$PlainBodyBuilder.genBlockTo(BCodeBodyBuilder.scala:1088)
	at dotty.tools.backend.jvm.BCodeBodyBuilder$PlainBodyBuilder.genLoadTo(BCodeBodyBuilder.scala:454)
	at dotty.tools.backend.jvm.BCodeSkelBuilder$PlainSkelBuilder.emitNormalMethodBody$1(BCodeSkelBuilder.scala:827)
	at dotty.tools.backend.jvm.BCodeSkelBuilder$PlainSkelBuilder.genDefDef(BCodeSkelBuilder.scala:850)
	at dotty.tools.backend.jvm.BCodeSkelBuilder$PlainSkelBuilder.gen(BCodeSkelBuilder.scala:630)
	at dotty.tools.backend.jvm.BCodeSkelBuilder$PlainSkelBuilder.gen$$anonfun$1(BCodeSkelBuilder.scala:638)
	at scala.runtime.function.JProcedure1.apply(JProcedure1.java:15)
	at scala.runtime.function.JProcedure1.apply(JProcedure1.java:10)
	at scala.collection.immutable.List.foreach(List.scala:333)
	at dotty.tools.backend.jvm.BCodeSkelBuilder$PlainSkelBuilder.gen(BCodeSkelBuilder.scala:638)
	at dotty.tools.backend.jvm.BCodeSkelBuilder$PlainSkelBuilder.genPlainClass(BCodeSkelBuilder.scala:233)
	at dotty.tools.backend.jvm.CodeGen.genClass(CodeGen.scala:138)
	at dotty.tools.backend.jvm.CodeGen.genClassDef$1(CodeGen.scala:55)
	at dotty.tools.backend.jvm.CodeGen.genClassDefs$1(CodeGen.scala:101)
	at dotty.tools.backend.jvm.CodeGen.genClassDefs$1$$anonfun$1(CodeGen.scala:99)
	at scala.runtime.function.JProcedure1.apply(JProcedure1.java:15)
	at scala.runtime.function.JProcedure1.apply(JProcedure1.java:10)
	at scala.collection.immutable.List.foreach(List.scala:333)
	at dotty.tools.backend.jvm.CodeGen.genClassDefs$1(CodeGen.scala:99)
	at dotty.tools.backend.jvm.CodeGen.genClassDefs$1$$anonfun$1(CodeGen.scala:99)
	at scala.runtime.function.JProcedure1.apply(JProcedure1.java:15)
	at scala.runtime.function.JProcedure1.apply(JProcedure1.java:10)
	at scala.collection.immutable.List.foreach(List.scala:333)
	at dotty.tools.backend.jvm.CodeGen.genClassDefs$1(CodeGen.scala:99)
	at dotty.tools.backend.jvm.CodeGen.genClassDefs$1$$anonfun$1(CodeGen.scala:99)
	at scala.runtime.function.JProcedure1.apply(JProcedure1.java:15)
	at scala.runtime.function.JProcedure1.apply(JProcedure1.java:10)
	at scala.collection.immutable.List.foreach(List.scala:333)
	at dotty.tools.backend.jvm.CodeGen.genClassDefs$1(CodeGen.scala:99)
	at dotty.tools.backend.jvm.CodeGen.genUnit(CodeGen.scala:104)
	at dotty.tools.backend.jvm.GenBCode.run(GenBCode.scala:76)
	at dotty.tools.dotc.core.Phases$Phase.runOn$$anonfun$1(Phases.scala:324)
	at scala.collection.immutable.List.map(List.scala:250)
	at dotty.tools.dotc.core.Phases$Phase.runOn(Phases.scala:328)
	at dotty.tools.backend.jvm.GenBCode.runOn(GenBCode.scala:87)
	at dotty.tools.dotc.Run.runPhases$1$$anonfun$1(Run.scala:246)
	at scala.runtime.function.JProcedure1.apply(JProcedure1.java:15)
	at scala.runtime.function.JProcedure1.apply(JProcedure1.java:10)
	at scala.collection.ArrayOps$.foreach$extension(ArrayOps.scala:1321)
	at dotty.tools.dotc.Run.runPhases$1(Run.scala:262)
	at dotty.tools.dotc.Run.compileUnits$$anonfun$1(Run.scala:270)
	at dotty.tools.dotc.Run.compileUnits$$anonfun$adapted$1(Run.scala:279)
	at dotty.tools.dotc.util.Stats$.maybeMonitored(Stats.scala:67)
	at dotty.tools.dotc.Run.compileUnits(Run.scala:279)
	at dotty.tools.dotc.Run.compileSources(Run.scala:194)
	at dotty.tools.dotc.Run.compile(Run.scala:179)
	at dotty.tools.dotc.Driver.doCompile(Driver.scala:37)
	at dotty.tools.xsbt.CompilerBridgeDriver.run(CompilerBridgeDriver.java:88)
	at dotty.tools.xsbt.CompilerBridge.run(CompilerBridge.java:22)
	at sbt.internal.inc.AnalyzingCompiler.compile(AnalyzingCompiler.scala:91)
	at sbt.internal.inc.MixedAnalyzingCompiler.$anonfun$compile$7(MixedAnalyzingCompiler.scala:193)
	at scala.runtime.java8.JFunction0$mcV$sp.apply(JFunction0$mcV$sp.java:23)
	at sbt.internal.inc.MixedAnalyzingCompiler.timed(MixedAnalyzingCompiler.scala:248)
	at sbt.internal.inc.MixedAnalyzingCompiler.$anonfun$compile$4(MixedAnalyzingCompiler.scala:183)
	at sbt.internal.inc.MixedAnalyzingCompiler.$anonfun$compile$4$adapted(MixedAnalyzingCompiler.scala:163)
	at sbt.internal.inc.JarUtils$.withPreviousJar(JarUtils.scala:239)
	at sbt.internal.inc.MixedAnalyzingCompiler.compileScala$1(MixedAnalyzingCompiler.scala:163)
	at sbt.internal.inc.MixedAnalyzingCompiler.compile(MixedAnalyzingCompiler.scala:211)
	at sbt.internal.inc.IncrementalCompilerImpl.$anonfun$compileInternal$1(IncrementalCompilerImpl.scala:534)
	at sbt.internal.inc.IncrementalCompilerImpl.$anonfun$compileInternal$1$adapted(IncrementalCompilerImpl.scala:534)
	at sbt.internal.inc.Incremental$.$anonfun$apply$5(Incremental.scala:179)
	at sbt.internal.inc.Incremental$.$anonfun$apply$5$adapted(Incremental.scala:177)
	at sbt.internal.inc.Incremental$$anon$2.run(Incremental.scala:463)
	at sbt.internal.inc.IncrementalCommon$CycleState.next(IncrementalCommon.scala:116)
	at sbt.internal.inc.IncrementalCommon$$anon$1.next(IncrementalCommon.scala:56)
	at sbt.internal.inc.IncrementalCommon$$anon$1.next(IncrementalCommon.scala:52)
	at sbt.internal.inc.IncrementalCommon.cycle(IncrementalCommon.scala:263)
	at sbt.internal.inc.Incremental$.$anonfun$incrementalCompile$8(Incremental.scala:418)
	at sbt.internal.inc.Incremental$.withClassfileManager(Incremental.scala:506)
	at sbt.internal.inc.Incremental$.incrementalCompile(Incremental.scala:405)
	at sbt.internal.inc.Incremental$.apply(Incremental.scala:171)
	at sbt.internal.inc.IncrementalCompilerImpl.compileInternal(IncrementalCompilerImpl.scala:534)
	at sbt.internal.inc.IncrementalCompilerImpl.$anonfun$compileIncrementally$1(IncrementalCompilerImpl.scala:488)
	at sbt.internal.inc.IncrementalCompilerImpl.handleCompilationError(IncrementalCompilerImpl.scala:332)
	at sbt.internal.inc.IncrementalCompilerImpl.compileIncrementally(IncrementalCompilerImpl.scala:425)
	at sbt.internal.inc.IncrementalCompilerImpl.compile(IncrementalCompilerImpl.scala:137)
	at sbt.Defaults$.compileIncrementalTaskImpl(Defaults.scala:2363)
	at sbt.Defaults$.$anonfun$compileIncrementalTask$2(Defaults.scala:2313)
	at sbt.internal.server.BspCompileTask$.$anonfun$compute$1(BspCompileTask.scala:30)
	at sbt.internal.io.Retry$.apply(Retry.scala:46)
	at sbt.internal.io.Retry$.apply(Retry.scala:28)
	at sbt.internal.io.Retry$.apply(Retry.scala:23)
	at sbt.internal.server.BspCompileTask$.compute(BspCompileTask.scala:30)
	at sbt.Defaults$.$anonfun$compileIncrementalTask$1(Defaults.scala:2311)
	at scala.Function1.$anonfun$compose$1(Function1.scala:49)
	at sbt.internal.util.$tilde$greater.$anonfun$$u2219$1(TypeFunctions.scala:62)
	at sbt.std.Transform$$anon$4.work(Transform.scala:68)
	at sbt.Execute.$anonfun$submit$2(Execute.scala:282)
	at sbt.internal.util.ErrorHandling$.wideConvert(ErrorHandling.scala:23)
	at sbt.Execute.work(Execute.scala:291)
	at sbt.Execute.$anonfun$submit$1(Execute.scala:282)
	at sbt.ConcurrentRestrictions$$anon$4.$anonfun$submitValid$1(ConcurrentRestrictions.scala:265)
	at sbt.CompletionService$$anon$2.call(CompletionService.scala:64)
	at java.base/java.util.concurrent.FutureTask.run(Unknown Source)
	at java.base/java.util.concurrent.Executors$RunnableAdapter.call(Unknown Source)
	at java.base/java.util.concurrent.FutureTask.run(Unknown Source)
	at java.base/java.util.concurrent.ThreadPoolExecutor.runWorker(Unknown Source)
	at java.base/java.util.concurrent.ThreadPoolExecutor$Worker.run(Unknown Source)
	at java.base/java.lang.Thread.run(Unknown Source)
Caused by: java.lang.ClassNotFoundException: dotty.tools.dotc.ast.Trees$Instance$ShallowFolder
	at java.base/java.net.URLClassLoader$1.run(Unknown Source)
	at java.base/java.net.URLClassLoader$1.run(Unknown Source)
	at java.base/java.security.AccessController.doPrivileged(Native Method)
	at java.base/java.net.URLClassLoader.findClass(Unknown Source)
	at java.base/java.lang.ClassLoader.loadClass(Unknown Source)
	at java.base/java.lang.ClassLoader.loadClass(Unknown Source)
	... 104 more
Caused by: java.util.zip.ZipException: ZipFile invalid LOC header (bad signature)
	at java.base/java.util.zip.ZipFile$ZipFileInputStream.initDataOffset(Unknown Source)
	at java.base/java.util.zip.ZipFile$ZipFileInputStream.read(Unknown Source)
	at java.base/java.util.zip.ZipFile$ZipFileInflaterInputStream.fill(Unknown Source)
	at java.base/java.util.zip.InflaterInputStream.read(Unknown Source)
	at java.base/jdk.internal.loader.Resource.getBytes(Unknown Source)
	at java.base/java.net.URLClassLoader.defineClass(Unknown Source)
	at java.base/java.net.URLClassLoader.access$100(Unknown Source)
	... 110 more
[error] Error while emitting /Users/y3536zha/Desktop/scala_flexible_unsafe/scala_flexible_type_with_test_script/community-build/community-projects/scala-xml/shared/src/main/scala/scala/xml/parsing/MarkupParserCommon.scala
[error] dotty/tools/dotc/ast/Trees$Instance$ShallowFolder
[error] four errors found
[error] (xml / Compile / compileIncremental) Compilation failed
[error] Total time: 18 s, completed Jun 21, 2023, 7:53:41 PM
[error] Test dotty.communitybuild.CommunityBuildTestA.scalatestplusTestNG failed: java.lang.RuntimeException: Publish command exited with code 1 for project scala-xml. Project details:
[error] SbtCommunityProject(scala-xml,xml/test,List(),List(),dotty.communitybuild.SbtCommunityProject$$$Lambda$50/806437851@4bebf49e,xml/publishLocal,xml/doc,List(-Xcheck-macros, -Ysafe-init, -Yexplicit-nulls, -language:unsafeNulls, -Yflexible-types),false), took 36.767 sec
[error]     at dotty.communitybuild.CommunityProject.publish(projects.scala:64)
[error]     at dotty.communitybuild.CommunityProject.publish$(projects.scala:35)
[error]     at dotty.communitybuild.SbtCommunityProject.publish(projects.scala:104)
[error]     at dotty.communitybuild.CommunityProject.publishDependencies$$anonfun$1(projects.scala:52)
[error]     at scala.runtime.function.JProcedure1.apply(JProcedure1.java:15)
[error]     at scala.runtime.function.JProcedure1.apply(JProcedure1.java:10)
[error]     at scala.collection.immutable.List.foreach(List.scala:333)
[error]     at dotty.communitybuild.CommunityProject.publishDependencies(projects.scala:52)
[error]     at dotty.communitybuild.CommunityProject.publishDependencies$(projects.scala:35)
[error]     at dotty.communitybuild.SbtCommunityProject.publishDependencies(projects.scala:104)
[error]     at dotty.communitybuild.CommunityProject.publish(projects.scala:58)
[error]     at dotty.communitybuild.CommunityProject.publish$(projects.scala:35)
[error]     at dotty.communitybuild.SbtCommunityProject.publish(projects.scala:104)
[error]     at dotty.communitybuild.CommunityBuildRunner$.run$$anonfun$1(CommunityBuildRunner.scala:24)
[error]     at scala.runtime.function.JProcedure1.apply(JProcedure1.java:15)
[error]     at scala.runtime.function.JProcedure1.apply(JProcedure1.java:10)
[error]     at scala.collection.immutable.List.foreach(List.scala:333)
[error]     at dotty.communitybuild.CommunityBuildRunner$.run(CommunityBuildRunner.scala:24)
[error]     at dotty.communitybuild.CommunityBuildTestA.scalatestplusTestNG(CommunityBuildTest.scala:22)
[error]     at jdk.internal.reflect.NativeMethodAccessorImpl.invoke0(Native Method)
[error]     at jdk.internal.reflect.NativeMethodAccessorImpl.invoke(Unknown Source)
[error]     at jdk.internal.reflect.DelegatingMethodAccessorImpl.invoke(Unknown Source)
[error]     at java.lang.reflect.Method.invoke(Unknown Source)
[error]     ...
[info] Test run dotty.communitybuild.CommunityBuildTestA finished: 1 failed, 0 ignored, 1 total, 36.779s
********************************************************************************
Failed projects:
 - dotty.communitybuild.CommunityBuildTestA.scalatestplusTestNG
********************************************************************************
[info] Test run dotty.communitybuild.CommunityBuildTestC started
[info] Test run dotty.communitybuild.CommunityBuildTestC finished: 0 failed, 0 ignored, 0 total, 0.001s
[info] Test run dotty.communitybuild.CommunityBuildTestB started
[info] Test run dotty.communitybuild.CommunityBuildTestB finished: 0 failed, 0 ignored, 0 total, 0.0s
[error] Failed: Total 1, Failed 1, Errors 0, Passed 0
[error] Failed tests:
[error] 	dotty.communitybuild.CommunityBuildTestA
[error] (community-build / Test / testOnly) sbt.TestsFailedException: Tests unsuccessful
[error] Total time: 71 s (01:11), completed Jun 21, 2023, 7:53:42 PM
